<?xml version="1.0" encoding="UTF-8"?>
<!-- Generated by org.testng.reporters.JUnitReportReporter -->
<testsuite hostname="LAPTOP-7OIHNNUL" name="com.talentech.runner.TestRunner" tests="1" failures="0" timestamp="7 Jun 2020 07:42:26 GMT" time="33.439" errors="0">
  <testcase name="feature" time="33.439" classname="com.talentech.runner.TestRunner"/>
</testsuite> <!-- com.talentech.runner.TestRunner -->
